build/intermediates/manifest_merge_blame_file/release/processReleaseManifest/manifest-merger-blame-release-report.txt
1<?xml version="1.0" encoding="utf-8"?>
2<manifest xmlns:android="http://schemas.android.com/apk/res/android"
3    package="com.mobius.opentoy" >
4
5    <uses-sdk android:minSdkVersion="24" />
6
7    <uses-permission android:name="android.permission.BLUETOOTH" />
7-->src/main/AndroidManifest.xml:4:5-68
7-->src/main/AndroidManifest.xml:4:22-65
8    <uses-permission android:name="android.permission.BLUETOOTH_ADMIN" />
8-->src/main/AndroidManifest.xml:5:5-74
8-->src/main/AndroidManifest.xml:5:22-71
9    <uses-permission android:name="android.permission.ACCESS_COARSE_LOCATION" />
9-->src/main/AndroidManifest.xml:6:5-81
9-->src/main/AndroidManifest.xml:6:22-78
10    <uses-permission android:name="android.permission.ACCESS_FINE_LOCATION" />
10-->src/main/AndroidManifest.xml:7:5-79
10-->src/main/AndroidManifest.xml:7:22-76
11
12    <!-- For Android 12+ -->
13    <uses-permission android:name="android.permission.BLUETOOTH_SCAN" />
13-->src/main/AndroidManifest.xml:10:5-73
13-->src/main/AndroidManifest.xml:10:22-70
14    <uses-permission android:name="android.permission.BLUETOOTH_CONNECT" />
14-->src/main/AndroidManifest.xml:11:5-76
14-->src/main/AndroidManifest.xml:11:22-73
15    <uses-permission android:name="android.permission.BLUETOOTH_ADVERTISE" />
15-->src/main/AndroidManifest.xml:12:5-78
15-->src/main/AndroidManifest.xml:12:22-75
16
17    <application>
17-->src/main/AndroidManifest.xml:14:5-16:19
18
19        <!-- OpenToy Android Library -->
20    </application>
21
22</manifest>